2026-03-03 23:40:04.257 +02:00 [INF] [DESKTOP-LINOK1C] [Development] Starting VersePress application {"ThreadId":2}
2026-03-03 23:40:09.200 +02:00 [WRN] [DESKTOP-LINOK1C] [Development] Sensitive data logging is enabled. Log entries and exception messages may include sensitive application data; this mode should only be enabled during development. {"EventId":{"Id":10400,"Name":"Microsoft.EntityFrameworkCore.Infrastructure.SensitiveDataLoggingEnabledWarning"},"SourceContext":"Microsoft.EntityFrameworkCore.Model.Validation","ThreadId":2}
2026-03-03 23:40:12.263 +02:00 [ERR] [DESKTOP-LINOK1C] [Development] An error occurred while migrating the database. {"SourceContext":"Program","ThreadId":2}
System.InvalidOperationException: An error was generated for warning 'Microsoft.EntityFrameworkCore.Migrations.PendingModelChangesWarning': The model for context 'ApplicationDbContext' has pending changes. Add a new migration before updating the database. This exception can be suppressed or logged by passing event ID 'RelationalEventId.PendingModelChangesWarning' to the 'ConfigureWarnings' method in 'DbContext.OnConfiguring' or 'AddDbContext'.
   at Microsoft.EntityFrameworkCore.Diagnostics.EventDefinition`1.Log[TLoggerCategory](IDiagnosticsLogger`1 logger, TParam arg)
   at Microsoft.EntityFrameworkCore.Diagnostics.RelationalLoggerExtensions.PendingModelChangesWarning(IDiagnosticsLogger`1 diagnostics, Type contextType)
   at Microsoft.EntityFrameworkCore.Migrations.Internal.Migrator.MigrateAsync(String targetMigration, CancellationToken cancellationToken)
   at Program.<Main>$(String[] args) in C:\Users\Memo\Desktop\Projects\Blog\VersePress\src\VersePress.Web\Program.cs:line 263
2026-03-03 23:40:13.034 +02:00 [INF] [DESKTOP-LINOK1C] [Development] Now listening on: http://localhost:5203 {"EventId":{"Id":14,"Name":"ListeningOnAddress"},"SourceContext":"Microsoft.Hosting.Lifetime","ThreadId":2}
2026-03-03 23:40:13.046 +02:00 [INF] [DESKTOP-LINOK1C] [Development] Application started. Press Ctrl+C to shut down. {"SourceContext":"Microsoft.Hosting.Lifetime","ThreadId":2}
2026-03-03 23:40:13.054 +02:00 [INF] [DESKTOP-LINOK1C] [Development] Hosting environment: Development {"SourceContext":"Microsoft.Hosting.Lifetime","ThreadId":2}
2026-03-03 23:40:13.075 +02:00 [INF] [DESKTOP-LINOK1C] [Development] Content root path: C:\Users\Memo\Desktop\Projects\Blog\VersePress\src\VersePress.Web {"SourceContext":"Microsoft.Hosting.Lifetime","ThreadId":2}
2026-03-03 23:40:35.703 +02:00 [WRN] [DESKTOP-LINOK1C] [Development] Failed to determine the https port for redirect. {"EventId":{"Id":3,"Name":"FailedToDeterminePort"},"SourceContext":"Microsoft.AspNetCore.HttpsPolicy.HttpsRedirectionMiddleware","RequestId":"0HNJPDM0GMTQS:00000001","RequestPath":"/health","ConnectionId":"0HNJPDM0GMTQS","ThreadId":6}
2026-03-03 23:40:36.059 +02:00 [DBG] [DESKTOP-LINOK1C] [Development] SignalR health check passed {"SourceContext":"VersePress.Infrastructure.HealthChecks.SignalRHealthCheck","HealthCheckName":"signalr","RequestId":"0HNJPDM0GMTQS:00000001","RequestPath":"/health","ConnectionId":"0HNJPDM0GMTQS","ThreadId":6}
2026-03-03 23:40:38.825 +02:00 [INF] [DESKTOP-LINOK1C] [Development] Executed DbCommand (42ms) [Parameters=[], CommandType='"Text"', CommandTimeout='30']
SELECT 1 {"EventId":{"Id":20101,"Name":"Microsoft.EntityFrameworkCore.Database.Command.CommandExecuted"},"SourceContext":"Microsoft.EntityFrameworkCore.Database.Command","HealthCheckName":"database","RequestId":"0HNJPDM0GMTQS:00000001","RequestPath":"/health","ConnectionId":"0HNJPDM0GMTQS","ThreadId":11}
2026-03-03 23:40:38.849 +02:00 [INF] [DESKTOP-LINOK1C] [Development] Database query executed in 42.4831ms: SELECT 1 {"HealthCheckName":"database","RequestId":"0HNJPDM0GMTQS:00000001","RequestPath":"/health","ConnectionId":"0HNJPDM0GMTQS","ThreadId":11}
2026-03-03 23:40:38.964 +02:00 [WRN] [DESKTOP-LINOK1C] [Development] HTTP GET /health responded 200 in 3219.3159 ms {"RequestHost":"localhost:5203","RequestScheme":"http","UserAgent":"Mozilla/5.0 (Windows NT; Windows NT 10.0; en-US) WindowsPowerShell/5.1.26100.7705","RemoteIP":"::1","SourceContext":"Serilog.AspNetCore.RequestLoggingMiddleware","RequestId":"0HNJPDM0GMTQS:00000001","ConnectionId":"0HNJPDM0GMTQS","ThreadId":11}
2026-03-03 23:40:45.606 +02:00 [DBG] [DESKTOP-LINOK1C] [Development] SignalR health check passed {"SourceContext":"VersePress.Infrastructure.HealthChecks.SignalRHealthCheck","HealthCheckName":"signalr","RequestId":"0HNJPDM0GMTQS:00000002","RequestPath":"/health","ConnectionId":"0HNJPDM0GMTQS","ThreadId":6}
2026-03-03 23:40:46.228 +02:00 [INF] [DESKTOP-LINOK1C] [Development] Executed DbCommand (100ms) [Parameters=[], CommandType='"Text"', CommandTimeout='30']
SELECT 1 {"EventId":{"Id":20101,"Name":"Microsoft.EntityFrameworkCore.Database.Command.CommandExecuted"},"SourceContext":"Microsoft.EntityFrameworkCore.Database.Command","HealthCheckName":"database","RequestId":"0HNJPDM0GMTQS:00000002","RequestPath":"/health","ConnectionId":"0HNJPDM0GMTQS","ThreadId":7}
2026-03-03 23:40:46.283 +02:00 [INF] [DESKTOP-LINOK1C] [Development] Database query executed in 100.4236ms: SELECT 1 {"HealthCheckName":"database","RequestId":"0HNJPDM0GMTQS:00000002","RequestPath":"/health","ConnectionId":"0HNJPDM0GMTQS","ThreadId":7}
2026-03-03 23:40:47.091 +02:00 [WRN] [DESKTOP-LINOK1C] [Development] HTTP GET /health responded 200 in 1498.4717 ms {"RequestHost":"localhost:5203","RequestScheme":"http","UserAgent":"Mozilla/5.0 (Windows NT; Windows NT 10.0; en-US) WindowsPowerShell/5.1.26100.7705","RemoteIP":"::1","SourceContext":"Serilog.AspNetCore.RequestLoggingMiddleware","RequestId":"0HNJPDM0GMTQS:00000002","ConnectionId":"0HNJPDM0GMTQS","ThreadId":7}
